<!DOCTYPE html PUBLIC "-//W3C//DTD XHTML 1.1//EN" "http://www.w3.org/TR/xhtml11/DTD/xhtml11.dtd">
<html xmlns="http://www.w3.org/1999/xhtml"><head><title>TestNG Report</title><style type="text/css">table {margin-bottom:10px;border-collapse:collapse;empty-cells:show}th,td {border:1px solid #009;padding:.25em .5em}th {vertical-align:bottom}td {vertical-align:top}table a {font-weight:bold}.stripe td {background-color: #E6EBF9}.num {text-align:right}.passedodd td {background-color: #3F3}.passedeven td {background-color: #0A0}.skippedodd td {background-color: #DDD}.skippedeven td {background-color: #CCC}.failedodd td,.attn {background-color: #F33}.failedeven td,.stripe .attn {background-color: #D00}.stacktrace {white-space:pre;font-family:monospace}.totop {font-size:85%;text-align:center;border-bottom:2px solid #000}</style></head><body><table><tr><th>Test</th><th># Passed</th><th># Skipped</th><th># Failed</th><th>Time (ms)</th><th>Included Groups</th><th>Excluded Groups</th></tr><tr><th colspan="7">Suite</th></tr><tr><td><a href="#t0">Test</a></td><td class="num">0</td><td class="num">0</td><td class="num attn">3</td><td class="num">47,642</td><td></td><td></td></tr></table><table id='summary'><thead><tr><th>Class</th><th>Method</th><th>Start</th><th>Time (ms)</th></tr></thead><tbody><tr><th colspan="4">Suite</th></tr></tbody><tbody id="t0"><tr><th colspan="4">Test &#8212; failed</th></tr><tr class="failedeven"><td rowspan="1">Com.Flo.Testclasses.Requirements.Corporate.Create_New_Requisite</td><td><a href="#m0">Create_Requisite</a></td><td rowspan="1">1506176590802</td><td rowspan="1">2688</td></tr><tr class="failedodd"><td rowspan="2">Com.Flo.Testclasses.Requirements.Login.Login</td><td><a href="#m1">LoginToApp</a></td><td rowspan="1">1506176565034</td><td rowspan="1">2834</td></tr><tr class="failedodd"><td><a href="#m2">LogoutFromApp</a></td><td rowspan="1">1506176578844</td><td rowspan="1">2118</td></tr></tbody></table><h2>Test</h2><h3 id="m0">Com.Flo.Testclasses.Requirements.Corporate.Create_New_Requisite#Create_Requisite</h3><table class="result"><tr><th>Exception</th></tr><tr><td><div class="stacktrace">java.lang.AssertionError: expected [Corporate Dashboard] but found [Carporate Dashboard]
	at Com.Flo.Pages.corporate.Corpdashboardpage_Functions.verifydashboardpage(Corpdashboardpage_Functions.java:21)
	at Com.Flo.Testclasses.Requirements.Corporate.Create_New_Requisite.Create_Requisite(Create_New_Requisite.java:26)
... Removed 31 stack frames</div></td></tr></table><p class="totop"><a href="#summary">back to summary</a></p><h3 id="m1">Com.Flo.Testclasses.Requirements.Login.Login#LoginToApp</h3><table class="result"><tr><th>Exception</th></tr><tr><td><div class="stacktrace">java.lang.AssertionError: expected [Corporate Dashboard] but found [Carporate Dashboard]
	at Com.Flo.Pages.corporate.Corpdashboardpage_Functions.verifydashboardpage(Corpdashboardpage_Functions.java:21)
	at Com.Flo.Testclasses.Requirements.Login.Login.LoginToApp(Login.java:21)
... Removed 31 stack frames</div></td></tr></table><p class="totop"><a href="#summary">back to summary</a></p><h3 id="m2">Com.Flo.Testclasses.Requirements.Login.Login#LogoutFromApp</h3><table class="result"><tr><th>Exception</th></tr><tr><td><div class="stacktrace">java.lang.AssertionError: expected [Corporate Dashboard] but found [Carporate Dashboard]
	at Com.Flo.Pages.corporate.Corpdashboardpage_Functions.verifydashboardpage(Corpdashboardpage_Functions.java:21)
	at Com.Flo.Testclasses.Requirements.Login.Login.LogoutFromApp(Login.java:33)
... Removed 31 stack frames</div></td></tr></table><p class="totop"><a href="#summary">back to summary</a></p></body></html>